<?xml version='1.0' encoding='UTF-8'?>
<testsuite hostname="MacBook-Air-de-Dieuveille.local" name="com.mygraph.TopologicalSortSpec" tests="1" errors="0" failures="0" skipped="0" time="0.014" timestamp="2024-07-15T12:05:01">
          <properties>
[...]
</properties>
          <testcase classname="com.mygraph.TopologicalSortSpec" name="TopologicalSort should sort vertices in topological order" time="0.014">
                      
                    </testcase>
          <system-out><![CDATA[]]></system-out>
          <system-err><![CDATA[]]></system-err>
        </testsuite>