2024.07.16 12:45:06 INFO  Started: Metals version 1.3.3 in folders 'C:\Users\Pierre\Desktop\projet_scala' for client Visual Studio Code 1.85.1.
SLF4J(W): Class path contains multiple SLF4J providers.
SLF4J(W): Found provider [scribe.slf4j.ScribeServiceProvider@6de9e115]
SLF4J(W): Found provider [ch.qos.logback.classic.spi.LogbackServiceProvider@62c9dae6]
SLF4J(W): See https://www.slf4j.org/codes.html#multiple_bindings for an explanation.
SLF4J(I): Actual provider is of type [scribe.slf4j.ScribeServiceProvider@6de9e115]
2024.07.16 12:45:06 WARN  Flyway upgrade recommended: H2 2.2.224 is newer than this version of Flyway and support has not been tested. The latest supported version of H2 is 2.2.220.
2024.07.16 12:45:07 INFO  no build target found for C:\Users\Pierre\Desktop\projet_scala\build.sbt. Using presentation compiler with project's scala-library version: 3.3.3
2024.07.16 12:50:54 INFO  no build target found for C:\Users\Pierre\Desktop\projet_scala\build.sbt. Using presentation compiler with project's scala-library version: 3.3.3
2024.07.16 12:50:54 INFO  no build target found for C:\Users\Pierre\Desktop\projet_scala\build.sbt. Using presentation compiler with project's scala-library version: 3.3.3
2024.07.16 12:50:56 INFO  no build target found for C:\Users\Pierre\Desktop\projet_scala\build.sbt. Using presentation compiler with project's scala-library version: 3.3.3
2024.07.16 12:50:56 INFO  no build target found for C:\Users\Pierre\Desktop\projet_scala\build.sbt. Using presentation compiler with project's scala-library version: 3.3.3
2024.07.16 12:50:57 WARN  no build target for: C:\Users\Pierre\Desktop\projet_scala\build.sbt
2024.07.16 12:50:57 INFO  no build target found for C:\Users\Pierre\Desktop\projet_scala\build.sbt. Using presentation compiler with project's scala-library version: 3.3.3
2024.07.16 12:50:57 INFO  no build target found for C:\Users\Pierre\Desktop\projet_scala\build.sbt. Using presentation compiler with project's scala-library version: 3.3.3
2024.07.16 12:50:57 INFO  no build target found for C:\Users\Pierre\Desktop\projet_scala\app\build.sbt. Using presentation compiler with project's scala-library version: 3.3.3
2024.07.16 12:50:57 WARN  Could not find semantic tokens for: file:///C:/Users/Pierre/Desktop/projet_scala/app/build.sbt
2024.07.16 12:50:58 INFO  no build target found for C:\Users\Pierre\Desktop\projet_scala\app\build.sbt. Using presentation compiler with project's scala-library version: 3.3.3
2024.07.16 12:50:58 INFO  no build target found for C:\Users\Pierre\Desktop\projet_scala\app\build.sbt. Using presentation compiler with project's scala-library version: 3.3.3
2024.07.16 12:50:59 INFO  no build target found for C:\Users\Pierre\Desktop\projet_scala\app\build.sbt. Using presentation compiler with project's scala-library version: 3.3.3
2024.07.16 12:50:59 WARN  Could not find semantic tokens for: file:///C:/Users/Pierre/Desktop/projet_scala/app/build.sbt
2024.07.16 12:50:59 WARN  no build target for: C:\Users\Pierre\Desktop\projet_scala\app\build.sbt
2024.07.16 12:50:59 INFO  no build target found for C:\Users\Pierre\Desktop\projet_scala\app\build.sbt. Using presentation compiler with project's scala-library version: 3.3.3
2024.07.16 12:50:59 INFO  no build target found for C:\Users\Pierre\Desktop\projet_scala\build.sbt. Using presentation compiler with project's scala-library version: 3.3.3
2024.07.16 12:51:00 INFO  no build target found for C:\Users\Pierre\Desktop\projet_scala\build.sbt. Using presentation compiler with project's scala-library version: 3.3.3
2024.07.16 12:51:43 INFO  no build target found for C:\Users\Pierre\Desktop\projet_scala\build.sbt. Using presentation compiler with project's scala-library version: 3.3.3
2024.07.16 12:51:43 INFO  no build target found for C:\Users\Pierre\Desktop\projet_scala\build.sbt. Using presentation compiler with project's scala-library version: 3.3.3
2024.07.16 12:51:43 INFO  no build target found for C:\Users\Pierre\Desktop\projet_scala\build.sbt. Using presentation compiler with project's scala-library version: 3.3.3
2024.07.16 12:51:45 INFO  no build target found for C:\Users\Pierre\Desktop\projet_scala\build.sbt. Using presentation compiler with project's scala-library version: 3.3.3
2024.07.16 12:51:46 INFO  no build target found for C:\Users\Pierre\Desktop\projet_scala\build.sbt. Using presentation compiler with project's scala-library version: 3.3.3
2024.07.16 12:51:46 ERROR Failed to tokenize input for semantic tokens for C:\Users\Pierre\Desktop\projet_scala\build.sbt
scala.meta.tokenizers.TokenizeException: <input>:20: error: unclosed string literal
  .dependsOn(")
             ^
	at scala.meta.internal.tokenizers.Reporter.syntaxError(Reporter.scala:23)
	at scala.meta.internal.tokenizers.Reporter.syntaxError$(Reporter.scala:23)
	at scala.meta.internal.tokenizers.Reporter$$anon$1.syntaxError(Reporter.scala:32)
	at scala.meta.internal.tokenizers.Reporter.syntaxError(Reporter.scala:25)
	at scala.meta.internal.tokenizers.Reporter.syntaxError$(Reporter.scala:25)
	at scala.meta.internal.tokenizers.Reporter$$anon$1.syntaxError(Reporter.scala:32)
	at scala.meta.internal.tokenizers.LegacyScanner.getStringLit(LegacyScanner.scala:509)
	at scala.meta.internal.tokenizers.LegacyScanner.fetchDoubleQuote$1(LegacyScanner.scala:361)
	at scala.meta.internal.tokenizers.LegacyScanner.fetchToken(LegacyScanner.scala:363)
	at scala.meta.internal.tokenizers.LegacyScanner.nextToken(LegacyScanner.scala:201)
	at scala.meta.internal.tokenizers.LegacyScanner.foreach(LegacyScanner.scala:912)
	at scala.meta.internal.tokenizers.ScalametaTokenizer.uncachedTokenize(ScalametaTokenizer.scala:23)
	at scala.meta.internal.tokenizers.ScalametaTokenizer.$anonfun$tokenize$1(ScalametaTokenizer.scala:17)
	at scala.collection.concurrent.TrieMap.getOrElseUpdate(TrieMap.scala:960)
	at scala.meta.internal.tokenizers.ScalametaTokenizer.tokenize(ScalametaTokenizer.scala:17)
	at scala.meta.internal.tokenizers.ScalametaTokenizer$$anon$2.apply(ScalametaTokenizer.scala:322)
	at scala.meta.tokenizers.Api$XtensionTokenizeDialectInput.tokenize(Api.scala:22)
	at scala.meta.tokenizers.Api$XtensionTokenizeInputLike.tokenize(Api.scala:13)
	at scala.meta.internal.metals.SemanticTokensProvider$.getTokens(SemanticTokensProvider.scala:28)
	at scala.meta.internal.metals.SemanticTokensProvider$.provide(SemanticTokensProvider.scala:89)
	at scala.meta.internal.metals.Compilers.$anonfun$semanticTokens$3(Compilers.scala:545)
	at scala.concurrent.impl.Promise$Transformation.run(Promise.scala:467)
	at java.util.concurrent.ThreadPoolExecutor.runWorker(ThreadPoolExecutor.java:1136)
	at java.util.concurrent.ThreadPoolExecutor$Worker.run(ThreadPoolExecutor.java:635)
	at java.lang.Thread.run(Thread.java:833)

2024.07.16 12:51:45 INFO  no build target found for C:\Users\Pierre\Desktop\projet_scala\build.sbt. Using presentation compiler with project's scala-library version: 3.3.3
2024.07.16 12:51:46 INFO  no build target found for C:\Users\Pierre\Desktop\projet_scala\build.sbt. Using presentation compiler with project's scala-library version: 3.3.3
2024.07.16 12:51:45 INFO  no build target found for C:\Users\Pierre\Desktop\projet_scala\build.sbt. Using presentation compiler with project's scala-library version: 3.3.3
2024.07.16 12:51:45 INFO  no build target found for C:\Users\Pierre\Desktop\projet_scala\build.sbt. Using presentation compiler with project's scala-library version: 3.3.3
2024.07.16 12:51:47 INFO  no build target found for C:\Users\Pierre\Desktop\projet_scala\build.sbt. Using presentation compiler with project's scala-library version: 3.3.3
2024.07.16 12:51:47 INFO  no build target found for C:\Users\Pierre\Desktop\projet_scala\build.sbt. Using presentation compiler with project's scala-library version: 3.3.3
2024.07.16 12:51:47 INFO  no build target found for C:\Users\Pierre\Desktop\projet_scala\build.sbt. Using presentation compiler with project's scala-library version: 3.3.3
2024.07.16 12:51:48 WARN  no build target for: C:\Users\Pierre\Desktop\projet_scala\build.sbt
2024.07.16 12:51:48 INFO  no build target found for C:\Users\Pierre\Desktop\projet_scala\build.sbt. Using presentation compiler with project's scala-library version: 3.3.3
2024.07.16 12:51:48 INFO  no build target found for C:\Users\Pierre\Desktop\projet_scala\build.sbt. Using presentation compiler with project's scala-library version: 3.3.3
2024.07.16 12:51:48 INFO  no build target found for C:\Users\Pierre\Desktop\projet_scala\build.sbt. Using presentation compiler with project's scala-library version: 3.3.3
2024.07.16 12:51:48 INFO  no build target found for C:\Users\Pierre\Desktop\projet_scala\build.sbt. Using presentation compiler with project's scala-library version: 3.3.3
2024.07.16 12:51:50 INFO  no build target found for C:\Users\Pierre\Desktop\projet_scala\app\build.sbt. Using presentation compiler with project's scala-library version: 3.3.3
2024.07.16 12:51:50 WARN  Could not find semantic tokens for: file:///C:/Users/Pierre/Desktop/projet_scala/app/build.sbt
2024.07.16 12:51:50 INFO  no build target found for C:\Users\Pierre\Desktop\projet_scala\app\build.sbt. Using presentation compiler with project's scala-library version: 3.3.3
juil. 16, 2024 12:51:50 PM org.eclipse.lsp4j.jsonrpc.RemoteEndpoint handleCancellation
AVERTISSEMENT: Unmatched cancel notification for request id 86
2024.07.16 12:51:52 INFO  no build target found for C:\Users\Pierre\Desktop\projet_scala\app\build.sbt. Using presentation compiler with project's scala-library version: 3.3.3
2024.07.16 12:51:52 INFO  no build target found for C:\Users\Pierre\Desktop\projet_scala\app\build.sbt. Using presentation compiler with project's scala-library version: 3.3.3
2024.07.16 12:51:52 WARN  Could not find semantic tokens for: file:///C:/Users/Pierre/Desktop/projet_scala/app/build.sbt
2024.07.16 12:51:52 INFO  no build target found for C:\Users\Pierre\Desktop\projet_scala\app\build.sbt. Using presentation compiler with project's scala-library version: 3.3.3
2024.07.16 12:51:53 INFO  no build target found for C:\Users\Pierre\Desktop\projet_scala\app\build.sbt. Using presentation compiler with project's scala-library version: 3.3.3
2024.07.16 12:51:53 WARN  Could not find semantic tokens for: file:///C:/Users/Pierre/Desktop/projet_scala/app/build.sbt
2024.07.16 12:51:52 INFO  no build target found for C:\Users\Pierre\Desktop\projet_scala\app\build.sbt. Using presentation compiler with project's scala-library version: 3.3.3
2024.07.16 12:51:52 INFO  no build target found for C:\Users\Pierre\Desktop\projet_scala\app\build.sbt. Using presentation compiler with project's scala-library version: 3.3.3
2024.07.16 12:51:52 INFO  no build target found for C:\Users\Pierre\Desktop\projet_scala\app\build.sbt. Using presentation compiler with project's scala-library version: 3.3.3
2024.07.16 12:51:52 INFO  no build target found for C:\Users\Pierre\Desktop\projet_scala\app\build.sbt. Using presentation compiler with project's scala-library version: 3.3.3
2024.07.16 12:51:53 INFO  no build target found for C:\Users\Pierre\Desktop\projet_scala\app\build.sbt. Using presentation compiler with project's scala-library version: 3.3.3
2024.07.16 12:51:53 INFO  no build target found for C:\Users\Pierre\Desktop\projet_scala\app\build.sbt. Using presentation compiler with project's scala-library version: 3.3.3
2024.07.16 12:51:53 WARN  Could not find semantic tokens for: file:///C:/Users/Pierre/Desktop/projet_scala/app/build.sbt
2024.07.16 12:51:54 WARN  no build target for: C:\Users\Pierre\Desktop\projet_scala\app\build.sbt
2024.07.16 12:51:54 INFO  no build target found for C:\Users\Pierre\Desktop\projet_scala\app\build.sbt. Using presentation compiler with project's scala-library version: 3.3.3
2024.07.16 12:51:54 INFO  no build target found for C:\Users\Pierre\Desktop\projet_scala\app\build.sbt. Using presentation compiler with project's scala-library version: 3.3.3
2024.07.16 12:51:54 WARN  Could not find semantic tokens for: file:///C:/Users/Pierre/Desktop/projet_scala/app/build.sbt
juil. 16, 2024 12:56:33 PM org.eclipse.lsp4j.jsonrpc.services.GenericEndpoint notify
INFOS: Unsupported notification method: $/setTrace
2024.07.16 12:56:36 INFO  no build target found for C:\Users\Pierre\Desktop\projet_scala\app\build.sbt. Using presentation compiler with project's scala-library version: 3.3.3
2024.07.16 12:56:36 WARN  Could not find semantic tokens for: file:///C:/Users/Pierre/Desktop/projet_scala/app/build.sbt
